生成启动时间为 2014/6/27 20:01:04。
     1>项目“C:\Users\Ling\Desktop\XtionPersonTra - 副本\XtionPersonTra\XtionPersonTra.vcxproj”在节点 2 上(Build 个目标)。
     1>ClCompile:
         D:\Program Files (x86)\Microsoft Visual Studio 12.0\VC\bin\CL.exe /c /Zi /nologo /W3 /WX- /sdl /O2 /Oi /Oy- /GL /D WIN32 /D NDEBUG /D _CONSOLE /D _LIB /D _CRT_SECURE_NO_WARNINGS /D _UNICODE /D UNICODE /Gm- /EHsc /MT /GS /Gy /fp:precise /Zc:wchar_t /Zc:forScope /Fo"Release\\" /Fd"Release\vc120.pdb" /Gd /TP /analyze- /errorReport:prompt demo.cpp
         demo.cpp
     1>c:\users\ling\desktop\xtionpersontra - 副本\xtionpersontra\XtionPersonTra.h(526): warning C4244: “=”: 从“unsigned int”转换到“float”，可能丢失数据
     1>c:\users\ling\desktop\xtionpersontra - 副本\xtionpersontra\XtionPersonTra.h(573): warning C4244: “=”: 从“float”转换到“unsigned int”，可能丢失数据
     1>c:\users\ling\desktop\xtionpersontra - 副本\xtionpersontra\XtionPersonTra.h(574): warning C4244: “=”: 从“XnFloat”转换到“uchar”，可能丢失数据
     1>c:\users\ling\desktop\xtionpersontra - 副本\xtionpersontra\XtionPersonTra.h(575): warning C4244: “=”: 从“XnFloat”转换到“uchar”，可能丢失数据
     1>c:\users\ling\desktop\xtionpersontra - 副本\xtionpersontra\XtionPersonTra.h(576): warning C4244: “=”: 从“XnFloat”转换到“uchar”，可能丢失数据
     1>c:\users\ling\desktop\xtionpersontra - 副本\xtionpersontra\XtionPersonTra.h(631): warning C4244: “=”: 从“XnFloat”转换到“int”，可能丢失数据
     1>c:\users\ling\desktop\xtionpersontra - 副本\xtionpersontra\XtionPersonTra.h(632): warning C4244: “=”: 从“XnFloat”转换到“int”，可能丢失数据
     1>c:\users\ling\desktop\xtionpersontra - 副本\xtionpersontra\PersonMessage.h(41): warning C4244: “=”: 从“double”转换到“float”，可能丢失数据
     1>c:\users\ling\desktop\xtionpersontra - 副本\xtionpersontra\PersonMessage.h(42): warning C4244: “=”: 从“double”转换到“float”，可能丢失数据
     1>c:\users\ling\desktop\xtionpersontra - 副本\xtionpersontra\PersonMessage.h(43): warning C4172: 返回局部变量或临时变量的地址
     1>c:\users\ling\desktop\xtionpersontra - 副本\xtionpersontra\Position.h(346): warning C4244: “初始化”: 从“double”转换到“float”，可能丢失数据
     1>c:\users\ling\desktop\xtionpersontra - 副本\xtionpersontra\Touch.h(19): warning C4305: “初始化”: 从“double”到“float”截断
     1>c:\users\ling\desktop\xtionpersontra - 副本\xtionpersontra\Touch.h(20): warning C4305: “初始化”: 从“double”到“float”截断
     1>c:\users\ling\desktop\xtionpersontra - 副本\xtionpersontra\Touch.h(27): warning C4305: “初始化”: 从“double”到“float”截断
     1>c:\users\ling\desktop\xtionpersontra - 副本\xtionpersontra\Touch.h(28): warning C4305: “初始化”: 从“double”到“float”截断
     1>c:\users\ling\desktop\xtionpersontra - 副本\xtionpersontra\Touch.h(33): warning C4244: “初始化”: 从“double”转换到“int”，可能丢失数据
     1>c:\users\ling\desktop\xtionpersontra - 副本\xtionpersontra\Touch.h(34): warning C4244: “初始化”: 从“double”转换到“int”，可能丢失数据
       Link:
         D:\Program Files (x86)\Microsoft Visual Studio 12.0\VC\bin\link.exe /ERRORREPORT:PROMPT /OUT:"C:\Users\Ling\Desktop\XtionPersonTra - 副本\Release\XtionPersonTra.exe" /INCREMENTAL:NO /NOLOGO kernel32.lib user32.lib gdi32.lib winspool.lib comdlg32.lib advapi32.lib shell32.lib ole32.lib oleaut32.lib uuid.lib odbc32.lib odbccp32.lib /MANIFEST /MANIFESTUAC:"level='asInvoker' uiAccess='false'" /manifest:embed /DEBUG /PDB:"C:\Users\Ling\Desktop\XtionPersonTra - 副本\Release\XtionPersonTra.pdb" /SUBSYSTEM:CONSOLE /OPT:REF /OPT:ICF /LTCG /TLBID:1 /DYNAMICBASE /NXCOMPAT /IMPLIB:"C:\Users\Ling\Desktop\XtionPersonTra - 副本\Release\XtionPersonTra.lib" /MACHINE:X86 /SAFESEH Release\demo.obj
         正在生成代码
     1>c:\users\ling\desktop\xtionpersontra - 副本\xtionpersontra\xtionpersontra.h(272): warning C4715: “XtionPerson::DrawLimb”: 不是所有的控件路径都返回值
         已完成代码的生成
         XtionPersonTra.vcxproj -> C:\Users\Ling\Desktop\XtionPersonTra - 副本\Release\XtionPersonTra.exe
     1>已完成生成项目“C:\Users\Ling\Desktop\XtionPersonTra - 副本\XtionPersonTra\XtionPersonTra.vcxproj”(Build 个目标)的操作。

生成成功。

已用时间 00:00:03.42
